             Vladaar Sat Feb 04 12:17:03 2017 has quit.
            Margaret Sat Feb 04 12:31:43 2017 has logged on.
             Verrana Sat Feb 04 12:34:38 2017 has logged on.
             Verrana Sat Feb 04 12:36:37 2017 has quit.
             Verella Sat Feb 04 12:36:44 2017 has logged on.
             Verella Sat Feb 04 12:37:34 2017 has quit.
             Corrala Sat Feb 04 12:37:42 2017 has logged on.
             Corrala Sat Feb 04 12:38:51 2017 has quit.
              Esther Sat Feb 04 12:39:13 2017 has logged on.
              Esther Sat Feb 04 12:40:26 2017 has gone link-dead
             Aniella Sat Feb 04 12:40:56 2017 has logged on.
             Aniella Sat Feb 04 12:41:55 2017 has quit.
             Vladaar Sat Feb 04 12:45:45 2017 has logged on.
             Vladaar Sat Feb 04 12:45:57 2017 has quit.
            Margaret Sat Feb 04 12:54:27 2017 has gone link-dead
                Xang Sat Feb 04 13:01:21 2017 has quit.
                Iazo Sat Feb 04 13:07:40 2017 has gone link-dead
              Esther Sat Feb 04 13:09:36 2017 has quit.
            Margaret Sat Feb 04 13:23:30 2017 has quit.
               Narak Sat Feb 04 15:02:38 2017 has quit.
               Zaron Sat Feb 04 19:02:03 2017 has logged on.
               Zaron Sat Feb 04 19:02:22 2017 has quit.
                Zorn Sat Feb 04 19:03:18 2017 has logged on.
             Warrenn Sat Feb 04 19:08:53 2017 has quit.
                Zorn Sat Feb 04 19:13:03 2017 has logged on.
                Zorn Sat Feb 04 19:33:27 2017 has quit.
                Zorn Sat Feb 04 20:37:22 2017 has logged on.
                Zorn Sat Feb 04 20:48:45 2017 has quit.
             Vladaar Sat Feb 04 21:03:50 2017 has logged on.
             Vladaar Sat Feb 04 21:04:03 2017 has quit.
             Vladaar Sat Feb 04 21:05:47 2017 has logged on.
             Vladaar Sat Feb 04 21:06:03 2017 has quit.
               Fanad Sat Feb 04 22:01:45 2017 has quit.
                Zorn Sat Feb 04 22:46:01 2017 has logged on.
                Zorn Sat Feb 04 23:19:24 2017 has quit.
                Zorn Sun Feb 05 01:23:51 2017 has logged on.
                Zorn Sun Feb 05 02:21:29 2017 has quit.
                Zorn Sun Feb 05 06:21:45 2017 has logged on.
                Zorn Sun Feb 05 06:59:00 2017 has quit.
               Zoran Sun Feb 05 06:59:34 2017 has logged on.
               Zoran Sun Feb 05 08:13:28 2017 has quit.
             Vladaar Sun Feb 05 09:44:42 2017 has logged on.
               Fanad Sun Feb 05 09:45:34 2017 has logged on.
               Fanad Sun Feb 05 10:22:56 2017 has gone link-dead
             Vladaar Sun Feb 05 10:34:53 2017 has gone link-dead
             Vladaar Sun Feb 05 10:36:54 2017 has logged on.
             Vladaar Sun Feb 05 10:57:58 2017 has logged on.
               Fanad Sun Feb 05 10:58:16 2017 has logged on.
             Vladaar Sun Feb 05 11:04:11 2017 has logged on.
               Fanad Sun Feb 05 11:04:28 2017 has logged on.
             Vladaar Sun Feb 05 11:13:17 2017 has logged on.
               Fanad Sun Feb 05 11:13:37 2017 has logged on.
              Ixliam Wed Oct 11 21:23:56 2017 has quit.
              Ixliam Wed Oct 11 21:26:13 2017 has logged on.
               Delly Wed Oct 11 22:23:04 2017 has quit.
                Bael Wed Oct 11 23:28:51 2017 has quit.
              Ixliam Thu Oct 12 07:14:53 2017 has logged on.
              Ixliam Thu Oct 12 07:30:21 2017 has logged on.
              Ixliam Thu Oct 12 10:35:38 2017 has logged on.
              Ixliam Thu Oct 12 12:38:35 2017 has quit.
              Ixliam Thu Oct 12 12:38:49 2017 has logged on.
              Ixliam Thu Oct 12 13:59:52 2017 has quit.
               Bubba Thu Oct 12 13:59:57 2017 has quit.
              Ixliam Thu Oct 12 14:00:16 2017 has logged on.
              Ixliam Thu Oct 12 14:23:15 2017 has quit.
              Ixliam Thu Oct 12 14:46:23 2017 has logged on.
              Ixliam Thu Oct 12 16:52:06 2017 has logged on.
               Delly Thu Oct 12 19:35:10 2017 has logged on.
               Delly Thu Oct 12 22:06:18 2017 has quit.
              Ixliam Fri Oct 13 13:53:51 2017 has gone link-dead
              Ixliam Fri Oct 13 13:54:36 2017 has gone link-dead
              Ixliam Fri Oct 13 15:19:36 2017 has logged on.
           Delandria Fri Oct 13 19:59:47 2017 has gone link-dead
           Delandria Fri Oct 13 20:29:38 2017 has quit.
              Ixliam Fri Oct 13 22:23:25 2017 has quit.
              Ixliam Fri Oct 13 22:23:56 2017 has logged on.
              Ixliam Fri Oct 13 22:24:10 2017 has quit.
              Ixliam Fri Oct 13 22:24:34 2017 has logged on.
              Ixliam Sat Oct 14 02:12:37 2017 has logged on.
              Ixliam Sat Oct 14 02:15:20 2017 has logged on.
              Ixliam Sat Oct 14 02:20:33 2017 has logged on.
              Ixliam Sat Oct 14 08:55:40 2017 has logged on.
              Ixliam Sat Oct 14 09:20:19 2017 has quit.
              Ixliam Sat Oct 14 09:20:31 2017 has logged on.
              Ixliam Sat Oct 14 09:22:59 2017 has logged on.
              Rudrik Sat Oct 14 10:07:00 2017 has quit.
              Ixliam Sat Oct 14 10:15:21 2017 has quit.
              Ixliam Sat Oct 14 10:15:45 2017 has logged on.
              Ixliam Sat Oct 14 11:05:11 2017 has quit.
              Ixliam Sat Oct 14 11:22:00 2017 has logged on.
              Ixliam Sat Oct 14 11:26:20 2017 has quit.
              Ixliam Sat Oct 14 11:26:30 2017 has logged on.
              Ixliam Sat Oct 14 11:34:11 2017 has quit.
              Ixliam Sat Oct 14 11:38:20 2017 has logged on.
              Ixliam Sat Oct 14 11:39:00 2017 has quit.
              Ixliam Sat Oct 14 11:39:08 2017 has logged on.
              Ixliam Sat Oct 14 11:40:43 2017 has quit.
              Ixliam Sat Oct 14 11:40:51 2017 has logged on.
              Ixliam Sat Oct 14 11:42:37 2017 has quit.
              Ixliam Sat Oct 14 11:42:47 2017 has logged on.
              Ixliam Sat Oct 14 11:44:46 2017 has quit.
              Ixliam Sat Oct 14 11:44:59 2017 has logged on.
              Ixliam Sat Oct 14 12:20:00 2017 has logged on.
              Ixliam Sat Oct 14 12:35:16 2017 has logged on.
              Ixliam Sat Oct 14 12:35:29 2017 has quit.
              Ixliam Sat Oct 14 12:35:38 2017 has logged on.
              Ixliam Sat Oct 14 12:39:38 2017 has logged on.
              Ixliam Sat Oct 14 12:50:56 2017 has logged on.
              Ixliam Sat Oct 14 13:06:23 2017 has logged on.
              Ixliam Sat Oct 14 15:27:04 2017 has logged on.
              Gringo Sat Oct 14 15:31:08 2017 has quit.
              Ixliam Sat Oct 14 15:31:15 2017 has logged on.
              Ixliam Sat Oct 14 15:34:59 2017 has logged on.
              Ixliam Sat Oct 14 15:36:48 2017 has logged on.
              Ixliam Sat Oct 14 15:39:03 2017 has logged on.
              Ixliam Sat Oct 14 16:16:39 2017 has logged on.
              Ixliam Sat Oct 14 16:19:21 2017 has logged on.
              Ixliam Sat Oct 14 16:20:14 2017 has logged on.
              Ixliam Sat Oct 14 16:50:26 2017 has logged on.
              Ixliam Sat Oct 14 17:10:23 2017 has logged on.
              Ixliam Sat Oct 14 17:17:37 2017 has logged on.
              Ixliam Sat Oct 14 17:21:25 2017 has logged on.
              Ixliam Sat Oct 14 17:58:09 2017 has logged on.
              Ixliam Sat Oct 14 19:15:57 2017 has logged on.
              Ixliam Sat Oct 14 19:34:59 2017 has logged on.
              Ixliam Sat Oct 14 19:36:31 2017 has logged on.
              Ixliam Sat Oct 14 19:48:38 2017 has logged on.
              Ixliam Sat Oct 14 19:49:40 2017 has logged on.
              Ixliam Sat Oct 14 20:11:46 2017 has logged on.
              Ixliam Sat Oct 14 20:21:29 2017 has logged on.
              Ixliam Sat Oct 14 20:22:20 2017 has logged on.
              Ixliam Sat Oct 14 20:37:58 2017 has logged on.
              Ixliam Sat Oct 14 20:38:38 2017 has logged on.
              Ixliam Sat Oct 14 20:42:19 2017 has logged on.
              Ixliam Sat Oct 14 20:46:21 2017 has logged on.
              Ixliam Sat Oct 14 20:48:08 2017 has logged on.
              Ixliam Sat Oct 14 21:11:06 2017 has logged on.
              Ixliam Sat Oct 14 21:24:05 2017 has logged on.
              Ixliam Sat Oct 14 22:14:01 2017 has logged on.
              Ixliam Sat Oct 14 22:20:45 2017 has logged on.
           Delandria Sat Oct 14 22:50:08 2017 has logged on.
           Delandria Sat Oct 14 22:52:25 2017 has quit.
           Delandria Sat Oct 14 22:52:37 2017 has logged on.
              Ixliam Sat Oct 14 22:52:55 2017 has quit.
              Ixliam Sat Oct 14 22:53:13 2017 has logged on.
           Delandria Sat Oct 14 23:28:20 2017 has gone link-dead
              Ixliam Sun Oct 15 00:51:38 2017 has quit.
              Ixliam Sun Oct 15 00:53:09 2017 has logged on.
              Ixliam Sun Oct 15 00:53:36 2017 has quit.
              Ixliam Sun Oct 15 00:53:52 2017 has logged on.
              Ixliam Sun Oct 15 00:54:22 2017 has quit.
              Ixliam Sun Oct 15 00:54:52 2017 has logged on.
              Ixliam Sun Oct 15 01:04:40 2017 has quit.
              Ixliam Sun Oct 15 01:05:06 2017 has logged on.
              Ixliam Sun Oct 15 01:13:40 2017 has quit.
              Ixliam Sun Oct 15 01:14:10 2017 has logged on.
              Ixliam Sun Oct 15 02:13:42 2017 has logged on.
              Ixliam Sun Oct 15 11:48:32 2017 has logged on.
           Delandria Sun Oct 15 13:30:26 2017 has logged on.
           Delandria Sun Oct 15 13:38:47 2017 has quit.
           Delandria Sun Oct 15 13:39:10 2017 has logged on.
           Delandria Sun Oct 15 13:45:40 2017 has quit.
             Theatyn Sun Oct 15 13:49:27 2017 has quit.
             Theatyn Sun Oct 15 13:49:37 2017 has logged on.
              Ixliam Sun Oct 15 14:49:59 2017 has logged on.
              Ixliam Sun Oct 15 14:50:58 2017 has logged on.
              Ixliam Sun Oct 15 14:57:27 2017 has logged on.
              Ixliam Sun Oct 15 14:59:44 2017 has logged on.
             Theatyn Sun Oct 15 15:00:13 2017 has logged on.
              Ixliam Sun Oct 15 15:33:28 2017 has logged on.
             Theatyn Sun Oct 15 15:34:07 2017 has logged on.
                Surt Sun Oct 15 16:01:12 2017 has quit.
                Surt Sun Oct 15 16:02:27 2017 has logged on.
              Ixliam Sun Oct 15 16:02:45 2017 has quit.
              Ixliam Sun Oct 15 16:02:53 2017 has logged on.
              Ixliam Sun Oct 15 16:03:13 2017 has quit.
              Ixliam Sun Oct 15 16:03:21 2017 has logged on.
                Surt Sun Oct 15 16:21:45 2017 has gone link-dead
           Chillidog Sun Oct 15 16:36:31 2017 has quit.
             Theatyn Sun Oct 15 17:50:44 2017 has quit.
           Chillidog Sun Oct 15 18:01:53 2017 has quit.
             Theatyn Sun Oct 15 18:09:49 2017 has logged on.
                Surt Sun Oct 15 18:14:21 2017 has gone link-dead
           Delandria Sun Oct 15 18:33:18 2017 has logged on.
             Theatyn Sun Oct 15 19:12:16 2017 has quit.
             Theatyn Sun Oct 15 20:52:59 2017 has logged on.
             Theatyn Sun Oct 15 21:40:32 2017 has quit.
             Theatyn Sun Oct 15 21:45:03 2017 has logged on.
             Theatyn Sun Oct 15 21:45:55 2017 has quit.
           Chillidog Sun Oct 15 21:52:37 2017 has logged on.
              Trelon Sun Oct 15 21:57:44 2017 has logged on.
              Trelon Sun Oct 15 22:08:31 2017 has quit.
              Trelon Sun Oct 15 22:08:48 2017 has logged on.
              Ixliam Sun Oct 15 22:43:43 2017 has logged on.
              Ixliam Sun Oct 15 22:44:54 2017 has quit.
              Ixliam Mon Oct 16 06:41:01 2017 has logged on.
              Ixliam Thu Oct 19 21:34:45 2017 has logged on.
              Ixliam Thu Oct 19 21:42:28 2017 has quit.
              Ixliam Thu Oct 19 21:42:38 2017 has logged on.
              Ixliam Thu Oct 19 21:42:41 2017 has quit.
              Ixliam Thu Oct 19 21:49:40 2017 has logged on.
              Ixliam Thu Oct 19 21:49:45 2017 has gone link-dead
              Ixliam Thu Oct 19 21:51:23 2017 has logged on.
              Ixliam Thu Oct 19 21:51:41 2017 has logged on.
              Ixliam Thu Oct 19 21:57:29 2017 has logged on.
              Ixliam Thu Oct 19 22:02:02 2017 has gone link-dead
              Ixliam Thu Oct 19 22:02:24 2017 has logged on.
              Ixliam Thu Oct 19 22:04:10 2017 has gone link-dead
              Ixliam Thu Oct 19 22:08:11 2017 has logged on.
              Ixliam Thu Oct 19 22:08:16 2017 has gone link-dead
              Ixliam Thu Oct 19 22:08:49 2017 has logged on.
              Ixliam Thu Oct 19 22:08:52 2017 has gone link-dead
              Ixliam Thu Oct 19 22:14:04 2017 has logged on.
              Ixliam Thu Oct 19 22:14:07 2017 has gone link-dead
              Ixliam Thu Oct 19 22:14:49 2017 has logged on.
              Ixliam Thu Oct 19 22:15:16 2017 has gone link-dead
              Ixliam Thu Oct 19 22:41:29 2017 has logged on.
              Ixliam Thu Oct 19 22:41:34 2017 has gone link-dead
              Ixliam Thu Oct 19 23:04:57 2017 has logged on.
              Ixliam Thu Oct 19 23:05:03 2017 has quit.
              Ixliam Thu Oct 19 23:05:11 2017 has logged on.
              Ixliam Thu Oct 19 23:05:17 2017 has gone link-dead
              Ixliam Thu Oct 19 23:15:29 2017 has logged on.
              Ixliam Thu Oct 19 23:15:57 2017 has gone link-dead
              Ixliam Thu Oct 19 23:22:00 2017 has logged on.
              Ixliam Thu Oct 19 23:22:26 2017 has gone link-dead
              Ixliam Thu Oct 19 23:22:40 2017 has logged on.
              Ixliam Thu Oct 19 23:22:56 2017 has gone link-dead
              Ixliam Thu Oct 19 23:23:05 2017 has logged on.
              Ixliam Thu Oct 19 23:24:07 2017 has gone link-dead
              Ixliam Thu Oct 19 23:24:15 2017 has logged on.
              Ixliam Thu Oct 19 23:31:05 2017 has logged on.
              Ixliam Thu Oct 19 23:39:04 2017 has logged on.
              Ixliam Fri Oct 20 00:06:12 2017 has logged on.
              Ixliam Fri Oct 20 00:14:14 2017 has logged on.
              Ixliam Fri Oct 20 00:15:31 2017 has logged on.
              Ixliam Fri Oct 20 00:27:06 2017 has logged on.
              Ixliam Fri Oct 20 00:29:08 2017 has logged on.
              Ixliam Fri Oct 20 00:29:33 2017 has logged on.
              Ixliam Fri Oct 20 00:30:19 2017 has logged on.
              Ixliam Fri Oct 20 00:31:15 2017 has logged on.
              Ixliam Fri Oct 20 00:35:43 2017 has logged on.
              Ixliam Fri Oct 20 00:46:45 2017 has gone link-dead
              Ixliam Fri Oct 20 00:46:52 2017 has logged on.
              Ixliam Fri Oct 20 00:50:22 2017 has gone link-dead
              Ixliam Fri Oct 20 00:50:31 2017 has logged on.
              Ixliam Fri Oct 20 01:01:11 2017 has gone link-dead
              Ixliam Fri Oct 20 01:01:19 2017 has logged on.
              Ixliam Fri Oct 20 01:02:29 2017 has logged on.
              Ixliam Fri Oct 20 01:10:39 2017 has gone link-dead
              Ixliam Fri Oct 20 01:10:46 2017 has logged on.
              Ixliam Fri Oct 20 01:16:44 2017 has gone link-dead
              Ixliam Fri Oct 20 01:16:51 2017 has logged on.
              Ixliam Fri Oct 20 09:24:03 2017 has logged on.
              Ixliam Fri Oct 20 10:15:34 2017 has quit.
              Ixliam Fri Oct 20 10:15:45 2017 has logged on.
              Ixliam Fri Oct 20 10:23:19 2017 has quit.
              Ixliam Fri Oct 20 10:23:31 2017 has logged on.
              Ixliam Fri Oct 20 10:24:21 2017 has quit.
              Ixliam Fri Oct 20 10:24:38 2017 has logged on.
              Ixliam Fri Oct 20 10:24:42 2017 has gone link-dead
              Ixliam Fri Oct 20 10:33:11 2017 has logged on.
              Ixliam Fri Oct 20 10:33:21 2017 has gone link-dead
              Ixliam Fri Oct 20 10:38:53 2017 has logged on.
              Ixliam Fri Oct 20 10:39:02 2017 has gone link-dead
              Ixliam Fri Oct 20 10:41:41 2017 has logged on.
              Ixliam Fri Oct 20 10:41:44 2017 has gone link-dead
              Ixliam Fri Oct 20 10:47:19 2017 has logged on.
              Ixliam Fri Oct 20 10:47:27 2017 has quit.
              Ixliam Fri Oct 20 10:48:57 2017 has logged on.
              Ixliam Fri Oct 20 10:55:54 2017 has logged on.
              Ixliam Fri Oct 20 10:58:07 2017 has logged on.
              Ixliam Fri Oct 20 11:08:20 2017 has quit.
              Ixliam Fri Oct 20 11:11:00 2017 has logged on.
              Ixliam Fri Oct 20 11:11:05 2017 has quit.
              Ixliam Fri Oct 20 11:16:48 2017 has logged on.
           Delandria Fri Oct 20 12:07:38 2017 has logged on.
           Delandria Fri Oct 20 12:07:42 2017 has gone link-dead
              Ixliam Fri Oct 20 12:16:04 2017 has gone link-dead
              Ixliam Fri Oct 20 12:16:12 2017 has gone link-dead
              Ixliam Fri Oct 20 12:21:32 2017 has logged on.
              Ixliam Fri Oct 20 12:21:37 2017 has gone link-dead
              Ixliam Fri Oct 20 12:21:53 2017 has logged on.
              Ixliam Fri Oct 20 15:19:49 2017 has gone link-dead
              Ixliam Fri Oct 20 15:19:57 2017 has logged on.
              Ixliam Fri Oct 20 15:20:01 2017 has gone link-dead
              Ixliam Fri Oct 20 15:20:10 2017 has logged on.
              Ixliam Fri Oct 20 15:20:18 2017 has gone link-dead
              Ixliam Fri Oct 20 15:20:28 2017 has logged on.
              Ixliam Fri Oct 20 15:31:29 2017 has gone link-dead
              Ixliam Fri Oct 20 15:31:38 2017 has logged on.
              Ixliam Fri Oct 20 15:33:14 2017 has logged on.
              Ixliam Fri Oct 20 15:42:37 2017 has logged on.
              Ixliam Fri Oct 20 15:42:42 2017 has gone link-dead
              Ixliam Fri Oct 20 15:43:04 2017 has logged on.
              Ixliam Fri Oct 20 15:46:05 2017 has logged on.
              Ixliam Fri Oct 20 15:47:10 2017 has quit.
              Ixliam Fri Oct 20 15:49:40 2017 has logged on.
              Ixliam Fri Oct 20 15:52:01 2017 has quit.
              Ixliam Fri Oct 20 15:52:03 2017 has logged on.
              Ixliam Fri Oct 20 15:52:16 2017 has quit.
              Ixliam Fri Oct 20 15:52:17 2017 has logged on.
              Ixliam Fri Oct 20 17:37:13 2017 has gone link-dead
              Ixliam Fri Oct 20 17:37:15 2017 has logged on.
              Ixliam Fri Oct 20 17:37:23 2017 has gone link-dead
              Ixliam Fri Oct 20 17:38:15 2017 has logged on.
              Ixliam Fri Oct 20 17:40:22 2017 has quit.
              Ixliam Fri Oct 20 17:40:24 2017 has logged on.
              Trelon Fri Oct 20 20:22:27 2017 has logged on.
              Trelon Fri Oct 20 20:27:18 2017 has gone link-dead
              Trelon Fri Oct 20 20:27:33 2017 has logged on.
              Trelon Fri Oct 20 20:57:00 2017 has quit.
              Ixliam Fri Oct 20 20:59:53 2017 has logged on.
              Ixliam Sat Oct 21 09:19:32 2017 has logged on.
              Ixliam Sun Oct 22 00:22:31 2017 has logged on.
              Ixliam Sun Oct 22 00:37:03 2017 has logged on.
              Ixliam Sun Oct 22 00:52:24 2017 has logged on.
              Ixliam Sun Oct 22 00:57:55 2017 has logged on.
              Ixliam Sun Oct 22 12:40:29 2017 has logged on.
              Ixliam Sun Oct 22 13:38:35 2017 has logged on.
              Ixliam Sun Oct 22 13:50:44 2017 has logged on.
              Ixliam Mon Oct 07 20:03:34 2019 has logged on.
              Ixliam Mon Oct 07 20:08:41 2019 has logged on.
              Ixliam Mon Oct 07 20:29:20 2019 has logged on.
              Ixliam Mon Oct 07 20:37:54 2019 has logged on.
              Ixliam Mon Oct 07 20:41:51 2019 has logged on.
              Ixliam Tue Oct 08 08:50:22 2019 has logged on.
              Ixliam Tue Oct 08 09:05:14 2019 has logged on.
            Testbutt Tue Oct 08 09:11:32 2019 has quit.
              Ixliam Tue Oct 08 09:11:40 2019 has logged on.
              Ixliam Tue Oct 08 09:18:47 2019 has logged on.
              Ixliam Tue Oct 08 09:20:46 2019 has logged on.
              Ixliam Tue Oct 08 09:54:22 2019 has quit.
              Ixliam Tue Oct 08 09:54:59 2019 has logged on.
              Ixliam Tue Oct 08 10:14:08 2019 has logged on.
              Ixliam Tue Oct 08 10:23:01 2019 has logged on.
              Ixliam Tue Oct 08 11:46:44 2019 has logged on.
              Ixliam Tue Oct 08 12:38:27 2019 has logged on.
              Ixliam Wed Oct 09 06:51:13 2019 has gone link-dead
              Ixliam Wed Oct 09 09:52:57 2019 has logged on.
              Ixliam Thu Oct 10 10:42:41 2019 has logged on.
              Ixliam Thu Oct 10 10:57:10 2019 has logged on.
              Ixliam Fri Oct 11 10:03:41 2019 has logged on.
              Ixliam Fri Oct 11 10:31:33 2019 has logged on.
              Ixliam Fri Oct 11 10:33:06 2019 has logged on.
              Ixliam Fri Oct 11 12:17:16 2019 has logged on.
              Ixliam Fri Oct 11 14:40:09 2019 has logged on.
              Ixliam Fri Oct 11 14:59:05 2019 has logged on.
              Ixliam Fri Oct 11 15:06:58 2019 has logged on.
              Ixliam Fri Oct 11 15:07:37 2019 has logged on.
              Ixliam Fri Oct 11 15:09:19 2019 has logged on.
              Ixliam Fri Oct 11 15:14:12 2019 has logged on.
              Ixliam Fri Oct 11 15:18:04 2019 has logged on.
              Ixliam Fri Oct 11 15:55:31 2019 has logged on.
              Ixliam Fri Oct 11 16:05:39 2019 has logged on.
              Ixliam Fri Oct 11 19:44:27 2019 has quit.
            Testdude Fri Oct 11 19:51:02 2019 has quit.
              Ixliam Fri Oct 11 19:51:11 2019 has logged on.
              Ixliam Sat Oct 12 06:28:48 2019 has logged on.
              Ixliam Sat Oct 12 06:29:37 2019 has quit.
              Ixliam Sat Oct 12 06:30:39 2019 has logged on.
              Ixliam Sat Oct 12 06:53:28 2019 has logged on.
              Ixliam Sat Oct 12 09:15:48 2019 has logged on.
              Ixliam Sat Oct 12 09:46:49 2019 has quit.
              Ixliam Sat Oct 12 09:47:13 2019 has logged on.
